<?xml version="1.0" encoding="UTF-8"?>
<!-- Generated by org.testng.reporters.JUnitReportReporter -->
<testsuite skipped="4" hostname="DESKTOP-ACQBDU5" name="com.training.sanity.tests.Multipleinputs" tests="6" failures="0" timestamp="17 Mar 2020 05:02:07 GMT" time="45.486" errors="1">
  <testcase name="validLoginTest" time="24.126" classname="com.training.sanity.tests.Multipleinputs">
    <skipped/>
  </testcase> <!-- validLoginTest -->
  <testcase name="setUp" time="16.351" classname="com.training.sanity.tests.Multipleinputs">
    <error type="org.openqa.selenium.SessionNotCreatedException" message="session not created
from chrome not reachable
  (Session info: chrome=80.0.3987.132)
Build info: version: &#039;3.6.0&#039;, revision: &#039;6fbf3ec767&#039;, time: &#039;2017-09-27T15:28:36.4Z&#039;
System info: host: &#039;DESKTOP-ACQBDU5&#039;, ip: &#039;9.81.220.172&#039;, os.name: &#039;Windows 10&#039;, os.arch: &#039;amd64&#039;, os.version: &#039;10.0&#039;, java.version: &#039;1.8.0_162&#039;
Driver info: driver.version: ChromeDriver
remote stacktrace: Backtrace:
	Ordinal0 [0x0028A113+1548563]
	Ordinal0 [0x0020DDA1+1039777]
	Ordinal0 [0x0018E32E+516910]
	Ordinal0 [0x00188012+491538]
	Ordinal0 [0x001886EB+493291]
	Ordinal0 [0x00189855+497749]
	Ordinal0 [0x00185885+481413]
	Ordinal0 [0x0018F0D0+520400]
	Ordinal0 [0x0013C030+180272]
	Ordinal0 [0x0013B59D+177565]
	Ordinal0 [0x001395FB+169467]
	Ordinal0 [0x0012160A+71178]
	Ordinal0 [0x00122690+75408]
	Ordinal0 [0x00122629+75305]
	Ordinal0 [0x002271B7+1143223]
	GetHandleVerifier [0x00322B46+507814]
	GetHandleVerifier [0x00322864+507076]
	GetHandleVerifier [0x00329F47+537511]
	GetHandleVerifier [0x00323402+510050]
	Ordinal0 [0x0021F29C+1110684]
	Ordinal0 [0x0022938B+1151883]
	Ordinal0 [0x002294F3+1152243]
	Ordinal0 [0x002283F5+1147893]
	BaseThreadInitThunk [0x769D6359+25]
	RtlGetAppContainerNamedObjectPath [0x76EE7B74+228]
	RtlGetAppContainerNamedObjectPath [0x76EE7B44+180]
">
      <![CDATA[org.openqa.selenium.SessionNotCreatedException: session not created
from chrome not reachable
  (Session info: chrome=80.0.3987.132)
Build info: version: '3.6.0', revision: '6fbf3ec767', time: '2017-09-27T15:28:36.4Z'
System info: host: 'DESKTOP-ACQBDU5', ip: '9.81.220.172', os.name: 'Windows 10', os.arch: 'amd64', os.version: '10.0', java.version: '1.8.0_162'
Driver info: driver.version: ChromeDriver
remote stacktrace: Backtrace:
	Ordinal0 [0x0028A113+1548563]
	Ordinal0 [0x0020DDA1+1039777]
	Ordinal0 [0x0018E32E+516910]
	Ordinal0 [0x00188012+491538]
	Ordinal0 [0x001886EB+493291]
	Ordinal0 [0x00189855+497749]
	Ordinal0 [0x00185885+481413]
	Ordinal0 [0x0018F0D0+520400]
	Ordinal0 [0x0013C030+180272]
	Ordinal0 [0x0013B59D+177565]
	Ordinal0 [0x001395FB+169467]
	Ordinal0 [0x0012160A+71178]
	Ordinal0 [0x00122690+75408]
	Ordinal0 [0x00122629+75305]
	Ordinal0 [0x002271B7+1143223]
	GetHandleVerifier [0x00322B46+507814]
	GetHandleVerifier [0x00322864+507076]
	GetHandleVerifier [0x00329F47+537511]
	GetHandleVerifier [0x00323402+510050]
	Ordinal0 [0x0021F29C+1110684]
	Ordinal0 [0x0022938B+1151883]
	Ordinal0 [0x002294F3+1152243]
	Ordinal0 [0x002283F5+1147893]
	BaseThreadInitThunk [0x769D6359+25]
	RtlGetAppContainerNamedObjectPath [0x76EE7B74+228]
	RtlGetAppContainerNamedObjectPath [0x76EE7B44+180]

	at sun.reflect.NativeConstructorAccessorImpl.newInstance0(Native Method)
	at sun.reflect.NativeConstructorAccessorImpl.newInstance(NativeConstructorAccessorImpl.java:62)
	at sun.reflect.DelegatingConstructorAccessorImpl.newInstance(DelegatingConstructorAccessorImpl.java:45)
	at java.lang.reflect.Constructor.newInstance(Constructor.java:423)
	at org.openqa.selenium.remote.W3CHandshakeResponse.lambda$new$0(W3CHandshakeResponse.java:57)
	at org.openqa.selenium.remote.W3CHandshakeResponse.lambda$getResponseFunction$2(W3CHandshakeResponse.java:104)
	at org.openqa.selenium.remote.ProtocolHandshake.lambda$createSession$24(ProtocolHandshake.java:359)
	at java.util.stream.ReferencePipeline$3$1.accept(ReferencePipeline.java:193)
	at java.util.Spliterators$ArraySpliterator.tryAdvance(Spliterators.java:958)
	at java.util.stream.ReferencePipeline.forEachWithCancel(ReferencePipeline.java:126)
	at java.util.stream.AbstractPipeline.copyIntoWithCancel(AbstractPipeline.java:498)
	at java.util.stream.AbstractPipeline.copyInto(AbstractPipeline.java:485)
	at java.util.stream.AbstractPipeline.wrapAndCopyInto(AbstractPipeline.java:471)
	at java.util.stream.FindOps$FindOp.evaluateSequential(FindOps.java:152)
	at java.util.stream.AbstractPipeline.evaluate(AbstractPipeline.java:234)
	at java.util.stream.ReferencePipeline.findFirst(ReferencePipeline.java:464)
	at org.openqa.selenium.remote.ProtocolHandshake.createSession(ProtocolHandshake.java:362)
	at org.openqa.selenium.remote.ProtocolHandshake.createSession(ProtocolHandshake.java:136)
	at org.openqa.selenium.remote.HttpCommandExecutor.execute(HttpCommandExecutor.java:142)
	at org.openqa.selenium.remote.service.DriverCommandExecutor.execute(DriverCommandExecutor.java:83)
	at org.openqa.selenium.remote.RemoteWebDriver.execute(RemoteWebDriver.java:586)
	at org.openqa.selenium.remote.RemoteWebDriver.startSession(RemoteWebDriver.java:217)
	at org.openqa.selenium.remote.RemoteWebDriver.<init>(RemoteWebDriver.java:140)
	at org.openqa.selenium.chrome.ChromeDriver.<init>(ChromeDriver.java:181)
	at org.openqa.selenium.chrome.ChromeDriver.<init>(ChromeDriver.java:168)
	at org.openqa.selenium.chrome.ChromeDriver.<init>(ChromeDriver.java:123)
	at com.training.utility.DriverFactory.getDriver(DriverFactory.java:24)
	at com.training.sanity.tests.Multipleinputs.setUp(Multipleinputs.java:42)
	at sun.reflect.NativeMethodAccessorImpl.invoke0(Native Method)
	at sun.reflect.NativeMethodAccessorImpl.invoke(NativeMethodAccessorImpl.java:62)
	at sun.reflect.DelegatingMethodAccessorImpl.invoke(DelegatingMethodAccessorImpl.java:43)
	at java.lang.reflect.Method.invoke(Method.java:498)
	at org.testng.internal.MethodInvocationHelper.invokeMethod(MethodInvocationHelper.java:108)
	at org.testng.internal.Invoker.invokeConfigurationMethod(Invoker.java:523)
	at org.testng.internal.Invoker.invokeConfigurations(Invoker.java:224)
	at org.testng.internal.Invoker.invokeMethod(Invoker.java:599)
	at org.testng.internal.Invoker.invokeTestMethod(Invoker.java:869)
	at org.testng.internal.Invoker.invokeTestMethods(Invoker.java:1193)
	at org.testng.internal.TestMethodWorker.invokeTestMethods(TestMethodWorker.java:126)
	at org.testng.internal.TestMethodWorker.run(TestMethodWorker.java:109)
	at org.testng.TestRunner.privateRun(TestRunner.java:744)
	at org.testng.TestRunner.run(TestRunner.java:602)
	at org.testng.SuiteRunner.runTest(SuiteRunner.java:380)
	at org.testng.SuiteRunner.runSequentially(SuiteRunner.java:375)
	at org.testng.SuiteRunner.privateRun(SuiteRunner.java:340)
	at org.testng.SuiteRunner.run(SuiteRunner.java:289)
	at org.testng.SuiteRunnerWorker.runSuite(SuiteRunnerWorker.java:52)
	at org.testng.SuiteRunnerWorker.run(SuiteRunnerWorker.java:86)
	at org.testng.TestNG.runSuitesSequentially(TestNG.java:1301)
	at org.testng.TestNG.runSuitesLocally(TestNG.java:1226)
	at org.testng.TestNG.runSuites(TestNG.java:1144)
	at org.testng.TestNG.run(TestNG.java:1115)
	at org.testng.remote.AbstractRemoteTestNG.run(AbstractRemoteTestNG.java:115)
	at org.testng.remote.RemoteTestNG.initAndRun(RemoteTestNG.java:251)
	at org.testng.remote.RemoteTestNG.main(RemoteTestNG.java:77)
]]>
    </error>
  </testcase> <!-- setUp -->
  <testcase name="validLoginTest" time="0.000" classname="com.training.sanity.tests.Multipleinputs">
    <skipped/>
  </testcase> <!-- validLoginTest -->
  <testcase name="validLoginTest" time="0.000" classname="com.training.sanity.tests.Multipleinputs">
    <skipped/>
  </testcase> <!-- validLoginTest -->
  <testcase name="validLoginTest" time="0.000" classname="com.training.sanity.tests.Multipleinputs">
    <skipped/>
  </testcase> <!-- validLoginTest -->
  <testcase name="validLoginTest" time="5.009" classname="com.training.sanity.tests.Multipleinputs"/>
</testsuite> <!-- com.training.sanity.tests.Multipleinputs -->
